==============================================
Running on localhost:3000
Running track loop every 15 minutes
==============================================
[UPDATE] Track update called
[UPDATE] Track update called
[UPDATE] Track update called
[UPDATE] Track update called
[UPDATE] Track update called
[UPDATE] Track update called
[UPDATE] Track update called
[UPDATE] Track update called
[UPDATE] Track update called
[UPDATE] Track update called
[UPDATE] Track update called
[UPDATE] Track update called
[UPDATE] Track update called
[UPDATE] Track update called
[UPDATE] Track update called
[UPDATE] Track update called
[UPDATE] Track update called
[UPDATE] Track update called
[UPDATE] Track update called
[UPDATE] haruhiism#crstn - 1 Games Added
[UPDATE] Track update called
[UPDATE] Track update called
[UPDATE] Track update called
[UPDATE] Track update called
[UPDATE] rin#jane - 1 Games Added
[UPDATE] Track update called
[UPDATE] Track update called
[UPDATE] Track update called
[UPDATE] Track update called
[UPDATE] Track update called
[UPDATE] Track update called
[UPDATE] Track update called
[UPDATE] Phyzzl#2702 - 1 Games Added
[UPDATE] Track update called
[UPDATE] Track update called
[UPDATE] Phyzzl#2702 - 1 Games Added
[UPDATE] Track update called
[UPDATE] Track update called
[UPDATE] Phyzzl#2702 - 1 Games Added
[UPDATE] Track update called
[UPDATE] Track update called
[UPDATE] Track update called
[UPDATE] Phyzzl#2702 - 1 Games Added
[UPDATE] Track update called
[UPDATE] Track update called
[UPDATE] Track update called
[UPDATE] Phyzzl#2702 - 1 Games Added
[UPDATE] Track update called
[UPDATE] Track update called
[UPDATE] Phyzzl#2702 - 1 Games Added
[UPDATE] Track update called
[UPDATE] Track update called
[UPDATE] Phyzzl#2702 - 1 Games Added
[UPDATE] Track update called
[UPDATE] Track update called
[UPDATE] Track update called
[UPDATE] Track update called
[UPDATE] Track update called
[UPDATE] Track update called
[UPDATE] Track update called
[UPDATE] Track update called
[UPDATE] Track update called
[UPDATE] Track update called
[UPDATE] Track update called
[UPDATE] Track update called
[UPDATE] Track update called
[UPDATE] Track update called
[UPDATE] Track update called
[UPDATE] Track update called
[UPDATE] Track update called
[UPDATE] Track update called
[UPDATE] Track update called
[UPDATE] Track update called
[UPDATE] Track update called
[UPDATE] Track update called
[UPDATE] Track update called
[UPDATE] Track update called
[UPDATE] Track update called
[UPDATE] Track update called
[UPDATE] finx80#6969 - 1 Games Added
[UPDATE] Track update called
[UPDATE] Track update called
[UPDATE] Track update called
[UPDATE] Track update called
[UPDATE] Track update called
[UPDATE] Track update called
[UPDATE] Track update called
[UPDATE] Track update called
[UPDATE] Track update called
[UPDATE] Track update called
[UPDATE] Track update called
[UPDATE] Track update called
[UPDATE] Track update called
[UPDATE] Track update called
[UPDATE] Track update called
[UPDATE] Track update called
[UPDATE] Track update called
[UPDATE] Track update called
[UPDATE] ./user_data/M is for Mid-Smex.csv created
[UPDATE] M is for Mid#Smex - 10 Games Added
[UPDATE] Track update called
[UPDATE] Track update called
called[UPDATE] Track update called
[UPDATE] Track update called
[UPDATE] Track update called
[UPDATE] Track update called
[UPDATE] Track update called
[UPDATE] Track update called
[UPDATE] Track update called
[UPDATE] Track update called
[UPDATE] Track update called
[UPDATE] Track update called
[UPDATE] Track update called
[UPDATE] Track update called
[UPDATE] Track update called
[UPDATE] Track update called
[UPDATE] Track update called
[UPDATE] Track update called
[UPDATE] Track update called
[UPDATE] Track update called
[UPDATE] Track update called
[UPDATE] Track update called
[UPDATE] Track update called
[UPDATE] Track update called
[UPDATE] Track update called
[UPDATE] Track update called
[UPDATE] Track update called
[UPDATE] Track update called
[UPDATE] Track update called
[UPDATE] Track update called
[UPDATE] Track update called
[UPDATE] Track update called
[UPDATE] Track update called
[UPDATE] Track update called
[UPDATE] Track update called
[UPDATE] Track update called
[UPDATE] Track update called
[UPDATE] Track update called
[UPDATE] Track update called
[UPDATE] Track update called
[UPDATE] Track update called
[UPDATE] Phyzzl#2702 - 1 Games Added
[UPDATE] Track update called
[UPDATE] Track update called
[UPDATE] Track update called
[UPDATE] Phyzzl#2702 - 1 Games Added
[UPDATE] Track update called
[UPDATE] Track update called
[UPDATE] Track update called
[UPDATE] Track update called
[UPDATE] Track update called
[UPDATE] Track update called
[UPDATE] Track update called
[UPDATE] Track update called
[UPDATE] Track update called
[UPDATE] Track update called
[UPDATE] Track update called
[UPDATE] Track update called
[UPDATE] Track update called
[UPDATE] Track update called
[UPDATE] Track update called
[UPDATE] Track update called
[UPDATE] Track update called
[UPDATE] Track update called
[UPDATE] Track update called
[UPDATE] Track update called
[UPDATE] Track update called
[UPDATE] Track update called
[UPDATE] Track update called
[UPDATE] Track update called
[UPDATE] Track update called
[UPDATE] Track update called
[UPDATE] Track update called
[UPDATE] Track update called
[UPDATE] Track update called
[UPDATE] Track update called
[UPDATE] Track update called
[UPDATE] Track update called
[UPDATE] Track update called
[UPDATE] Track update called
[UPDATE] Track update called
[UPDATE] Track update called
[UPDATE] Track update called
[UPDATE] Track update called
[UPDATE] Track update called
[UPDATE] Track update called
[UPDATE] Track update called
[UPDATE] Track update called
[UPDATE] Track update called
[UPDATE] Track update called
[UPDATE] Track update called
[UPDATE] Track update called
[UPDATE] Track update called
[UPDATE] Track update called
[UPDATE] Track update called
[UPDATE] Track update called
[UPDATE] Track update called
[UPDATE] Track update called
[UPDATE] haruhiism#crstn - 1 Games Added
[UPDATE] Track update called
[UPDATE] Track update called
[UPDATE] Track update called
[UPDATE] Track update called
[UPDATE] Track update called
[UPDATE] Track update called
[UPDATE] Track update called
[UPDATE] Track update called
[UPDATE] Track update called
[UPDATE] Track update called
[UPDATE] Track update called
[UPDATE] Track update called
[UPDATE] Track update called
[UPDATE] Track update called
[UPDATE] Track update called
[UPDATE] Track update called
[UPDATE] Track update called
[UPDATE] Track update called
[UPDATE] Track update called
[UPDATE] S is for Salt#TF77 - 1 Games Added
[UPDATE] finx80#6969 - 1 Games Added
[UPDATE] Ouress#NA2 - 1 Games Added
[UPDATE] pickle#169 - 1 Games Added
[UPDATE] Track update called
[UPDATE] Track update called
[UPDATE] Track update called
[UPDATE] Track update called
[UPDATE] Track update called
[UPDATE] Track update called
[UPDATE] Track update called
[UPDATE] Track update called
[UPDATE] Track update called
[UPDATE] Track update called
[UPDATE] Track update called
[UPDATE] Track update called
[UPDATE] Track update called
[UPDATE] Track update called
[UPDATE] Track update called
[UPDATE] Track update called
[UPDATE] Track update called
[UPDATE] Track update called
[UPDATE] Track update called
[UPDATE] Track update called
[UPDATE] Track update called
[UPDATE] Track update called
[UPDATE] Track update called
[UPDATE] Track update called
[UPDATE] Track update called
[UPDATE] Track update called
[UPDATE] Track update called
[UPDATE] Track update called
[UPDATE] Track update called
[UPDATE] Track update called
[UPDATE] Track update called
[UPDATE] Track update called
[UPDATE] Track update called
[UPDATE] Track update called
[UPDATE] Track update called
[UPDATE] Track update called
[UPDATE] Track update called
[UPDATE] Track update called
[UPDATE] Track update called
[UPDATE] Track update called
[UPDATE] Track update called
[UPDATE] Track update called
[UPDATE] Track update called
[UPDATE] Track update called
[UPDATE] Track update called
[UPDATE] Track update called
[UPDATE] Track update called
[UPDATE] Track update called
[UPDATE] Track update called
[UPDATE] Track update called
[UPDATE] Track update called
[UPDATE] Track update called
[UPDATE] Track update called
[UPDATE] Track update called
[UPDATE] Track update called
[UPDATE] Track update called
[UPDATE] Track update called
[UPDATE] Track update called
[UPDATE] Track update called
[UPDATE] Track update called
[UPDATE] Track update called
[UPDATE] Track update called
[UPDATE] Track update called
[UPDATE] Track update called
[UPDATE] Track update called
[UPDATE] Track update called
[UPDATE] Track update called
[UPDATE] Track update called
[UPDATE] Track update called
[UPDATE] Track update called
[UPDATE] Track update called
[UPDATE] Track update called
[UPDATE] Track update called
[UPDATE] Track update called
[UPDATE] Track update called
[UPDATE] Track update called
[UPDATE] Track update called
[UPDATE] Track update called
[UPDATE] Track update called
[UPDATE] Track update called
[UPDATE] Track update called
[UPDATE] Track update called
[UPDATE] Track update called
[UPDATE] Track update called
[UPDATE] Track update called
[UPDATE] Raison163#NA1 - 1 Games Added
[UPDATE] ninicoco1#NA1 - 1 Games Added
[UPDATE] Track update called
[UPDATE] Track update called
[UPDATE] Track update called
[UPDATE] Track update called
[UPDATE] Raison163#NA1 - 1 Games Added
[UPDATE] ninicoco1#NA1 - 1 Games Added
[UPDATE] Track update called
[UPDATE] Track update called
[UPDATE] Raison163#NA1 - 1 Games Added
[UPDATE] ninicoco1#NA1 - 1 Games Added
[UPDATE] Track update called
[ERROR] Unable to call Phyzzl#2702 at this time
[ERROR] Unable to call ninicoco1#NA1 at this time
[UPDATE] Track update called
[UPDATE] Track update called
[UPDATE] Track update called
[UPDATE] Track update called
[UPDATE] Track update called
[UPDATE] Track update called
[UPDATE] Track update called
[UPDATE] Track update called
[UPDATE] Raison163#NA1 - 1 Games Added
[UPDATE] Track update called
[UPDATE] Track update called
[UPDATE] Track update called
[UPDATE] Tigerfire77#SifS - 1 Games Added
[UPDATE] Raison163#NA1 - 1 Games Added
[UPDATE] ninicoco1#NA1 - 1 Games Added
[UPDATE] Track update called
[UPDATE] Track update called
[UPDATE] Track update called
[UPDATE] Track update called
[UPDATE] Track update called
[UPDATE] Track update called
[UPDATE] Track update called
[UPDATE] Track update called
[UPDATE] Track update called
[UPDATE] Track update called
[UPDATE] Track update called
[UPDATE] Track update called
[UPDATE] Track update called
[UPDATE] Track update called
[UPDATE] Track update called
[UPDATE] Track update called
[UPDATE] Track update called
[UPDATE] Track update called
[UPDATE] Track update called
[UPDATE] Track update called
[UPDATE] Track update called
[UPDATE] Track update called
[UPDATE] Track update called
[UPDATE] Track update called
[UPDATE] Track update called
[UPDATE] Track update called
[UPDATE] Track update called
[UPDATE] Track update called
[UPDATE] Track update called
[UPDATE] Track update called
[UPDATE] Track update called
[UPDATE] Track update called
[UPDATE] Track update called
[UPDATE] Track update called
[UPDATE] Track update called
[UPDATE] Track update called
[ERROR] Unable to call Tigerfire77#SifS at this time
[ERROR] Unable to call rin#jane at this time
[ERROR] Unable to call Raison163#NA1 at this time
[ERROR] Unable to call Phyzzl#2702 at this time
[ERROR] Unable to call Baman#0000 at this time
[ERROR] Unable to call Basil#007 at this time
[ERROR] Unable to call pickle#169 at this time
[ERROR] Unable to call finx80#6969 at this time
[ERROR] Unable to call S is for Salt#TF77 at this time
[ERROR] Unable to call ninicoco1#NA1 at this time
[UPDATE] Track update called
[UPDATE] Track update called
[UPDATE] Track update called
[UPDATE] Track update called
[UPDATE] Track update called
[UPDATE] Track update called
[UPDATE] Track update called
[UPDATE] Track update called
[UPDATE] Track update called
[UPDATE] Track update called
[UPDATE] Track update called
[UPDATE] Track update called
[UPDATE] Track update called
[UPDATE] Track update called
[UPDATE] Raison163#NA1 - 1 Games Added
[UPDATE] ninicoco1#NA1 - 1 Games Added
[UPDATE] Track update called
[UPDATE] Track update called
[UPDATE] Raison163#NA1 - 1 Games Added
[UPDATE] ninicoco1#NA1 - 1 Games Added
[UPDATE] Basil#007 - 1 Games Added
[UPDATE] Track update called
[UPDATE] Track update called
[UPDATE] Track update called
[UPDATE] Track update called
[UPDATE] ninicoco1#NA1 - 1 Games Added
[UPDATE] Basil#007 - 1 Games Added
[UPDATE] Track update called
[UPDATE] Track update called
[UPDATE] ninicoco1#NA1 - 1 Games Added
[UPDATE] Basil#007 - 1 Games Added
[UPDATE] haruhiism#crstn - 1 Games Added
[UPDATE] Track update called
[UPDATE] Track update called
[UPDATE] Track update called
[UPDATE] ninicoco1#NA1 - 1 Games Added
[UPDATE] Basil#007 - 1 Games Added
[UPDATE] Track update called
[UPDATE] Track update called
[UPDATE] Track update called
[UPDATE] ninicoco1#NA1 - 1 Games Added
[UPDATE] Basil#007 - 1 Games Added
[UPDATE] Track update called
[UPDATE] Track update called
[UPDATE] Track update called
[UPDATE] Track update called
[UPDATE] Track update called
[UPDATE] haruhiism#crstn - 1 Games Added
[UPDATE] Track update called
[UPDATE] ninicoco1#NA1 - 1 Games Added
[UPDATE] Basil#007 - 1 Games Added
[UPDATE] Track update called
[UPDATE] ./user_data/nzvbe-NA1.csv created
[UPDATE] nzvbe#NA1 - 9 Games Added
[UPDATE] Track update called
[UPDATE] haruhiism#crstn - 1 Games Added
[UPDATE] Track update called
[UPDATE] Track update called
[ERROR] Unable to call Baman#0000 at this time
[UPDATE] Track update called
[UPDATE] ninicoco1#NA1 - 1 Games Added
[UPDATE] Basil#007 - 1 Games Added
[ERROR] Unable to call Baman#0000 at this time
[UPDATE] Track update called
[ERROR] Unable to call Baman#0000 at this time
[UPDATE] Track update called
[UPDATE] ninicoco1#NA1 - 1 Games Added
[UPDATE] Basil#007 - 1 Games Added
[ERROR] Unable to call Baman#0000 at this time
[UPDATE] Track update called
[UPDATE] S is for Salt#TF77 - 1 Games Added
[ERROR] Unable to call Baman#0000 at this time
[UPDATE] nzvbe#NA1 - 1 Games Added
[UPDATE] Track update called
[ERROR] Unable to call Baman#0000 at this time
[UPDATE] Track update called
[UPDATE] ninicoco1#NA1 - 1 Games Added
[UPDATE] Basil#007 - 1 Games Added
[ERROR] Unable to call Baman#0000 at this time
[UPDATE] Track update called
[UPDATE] S is for Salt#TF77 - 1 Games Added
[UPDATE] finx80#6969 - 1 Games Added
[ERROR] Unable to call Baman#0000 at this time
[UPDATE] nzvbe#NA1 - 1 Games Added
[UPDATE] Track update called
[ERROR] Unable to call Baman#0000 at this time
[UPDATE] Track update called
[UPDATE] S is for Salt#TF77 - 1 Games Added
[UPDATE] ninicoco1#NA1 - 1 Games Added
[UPDATE] Basil#007 - 1 Games Added
[ERROR] Unable to call Baman#0000 at this time
[UPDATE] Track update called
[ERROR] Unable to call Baman#0000 at this time
[UPDATE] nzvbe#NA1 - 1 Games Added
[UPDATE] Track update called
[ERROR] Unable to call Baman#0000 at this time
[UPDATE] Track update called
[UPDATE] Raison163#NA1 - 1 Games Added
[UPDATE] ninicoco1#NA1 - 1 Games Added
[UPDATE] Basil#007 - 1 Games Added
[ERROR] Unable to call Baman#0000 at this time
[UPDATE] Track update called
[ERROR] Unable to call Baman#0000 at this time
[UPDATE] nzvbe#NA1 - 1 Games Added
[UPDATE] Track update called
[ERROR] Unable to call Baman#0000 at this time
[UPDATE] Track update called
[ERROR] Unable to call Baman#0000 at this time
[UPDATE] Track update called
[UPDATE] ./user_data/Da Real Baman-buce.csv created
[UPDATE] Da Real Baman#buce - 8 Games Added
[USER] Requested [na] S is for Salt#TF77
[UPDATE] nzvbe#NA1 - 1 Games Added
[USER] Requested [na] Basil#007
[USER] Requested [na] Da Real Baman#buce
[UPDATE] Track update called
[UPDATE] Track update called
[UPDATE] Track update called
[UPDATE] Track update called
[UPDATE] Track update called
[UPDATE] Track update called
[UPDATE] Track update called
[UPDATE] Track update called
[UPDATE] haruhiism#crstn - 1 Games Added
[UPDATE] Track update called
[UPDATE] Track update called
[UPDATE] Track update called
[UPDATE] Track update called
[UPDATE] Track update called
[UPDATE] Track update called
[UPDATE] Track update called
[UPDATE] Track update called
[UPDATE] Track update called
[UPDATE] Track update called
[UPDATE] Track update called
[UPDATE] Track update called
[UPDATE] Track update called
[UPDATE] Track update called
[UPDATE] Track update called
[UPDATE] Track update called
[UPDATE] Track update called
[UPDATE] Phyzzl#2702 - 1 Games Added
[UPDATE] Ouress#NA2 - 1 Games Added
[UPDATE] Track update called
[UPDATE] Track update called
[UPDATE] Track update called
[UPDATE] Track update called
[UPDATE] Track update called
[UPDATE] Track update called
[UPDATE] Track update called
[UPDATE] Track update called
[UPDATE] Track update called
[UPDATE] Track update called
[UPDATE] Track update called
[UPDATE] Track update called
[UPDATE] Track update called
[UPDATE] Track update called
[UPDATE] Track update called
[UPDATE] Track update called
[UPDATE] Track update called
[UPDATE] Track update called
[UPDATE] Track update called
[UPDATE] Track update called
[UPDATE] Track update called
[UPDATE] Track update called
[UPDATE] Track update called
[UPDATE] Track update called
[UPDATE] Track update called
[UPDATE] Track update called
[UPDATE] Track update called
[UPDATE] Track update called
[UPDATE] Track update called
[UPDATE] Track update called
[UPDATE] Track update called
[UPDATE] Track update called
[UPDATE] Track update called
[UPDATE] Track update called
[UPDATE] Track update called
[UPDATE] Track update called
[UPDATE] Track update called
[UPDATE] Track update called
[UPDATE] Track update called
[UPDATE] Track update called
[UPDATE] Track update called
[UPDATE] Track update called
[UPDATE] Track update called
[UPDATE] Track update called
[UPDATE] Track update called
[UPDATE] Track update called
[UPDATE] Track update called
[UPDATE] Track update called
[UPDATE] Track update called
[UPDATE] Track update called
[UPDATE] Track update called
[UPDATE] Track update called
[UPDATE] Track update called
[UPDATE] Track update called
[UPDATE] Track update called
[UPDATE] Track update called
[UPDATE] Track update called
[UPDATE] Track update called
[UPDATE] Track update called
[UPDATE] Track update called
[UPDATE] Track update called
[UPDATE] Track update called
[UPDATE] Track update called
[UPDATE] Tigerfire77#SifS - 1 Games Added
[UPDATE] Basil#007 - 1 Games Added
[UPDATE] Track update called
[UPDATE] Track update called
[UPDATE] Track update called
[UPDATE] Track update called
[UPDATE] Track update called
[UPDATE] Track update called
[UPDATE] Track update called
[UPDATE] Track update called
[UPDATE] Track update called
[UPDATE] Track update called
[UPDATE] Track update called
[UPDATE] Track update called
[UPDATE] Track update called
[UPDATE] nzvbe#NA1 - 1 Games Added
[UPDATE] Track update called
[UPDATE] Track update called
[UPDATE] Track update called
[UPDATE] nzvbe#NA1 - 1 Games Added
[UPDATE] Track update called
[UPDATE] Raison163#NA1 - 1 Games Added
[UPDATE] Basil#007 - 1 Games Added
[UPDATE] Track update called
[UPDATE] Track update called
[UPDATE] Raison163#NA1 - 1 Games Added
[UPDATE] Basil#007 - 1 Games Added
[UPDATE] nzvbe#NA1 - 1 Games Added
[UPDATE] Track update called
[UPDATE] S is for Salt#TF77 - 1 Games Added
[UPDATE] Track update called
[UPDATE] Track update called
[UPDATE] Track update called
[UPDATE] Track update called
[UPDATE] S is for Salt#TF77 - 1 Games Added
[UPDATE] ninicoco1#NA1 - 1 Games Added
[UPDATE] finx80#6969 - 1 Games Added
[UPDATE] Basil#007 - 1 Games Added
[UPDATE] Track update called
[UPDATE] Track update called
[UPDATE] Track update called
[UPDATE] Track update called
[UPDATE] Track update called
[UPDATE] Phyzzl#2702 - 1 Games Added
[ERROR] Unable to call jett valorant#5033 at this time
[UPDATE] Track update called
[UPDATE] Track update called
[UPDATE] Track update called
[UPDATE] Phyzzl#2702 - 1 Games Added
[UPDATE] Track update called
[UPDATE] Track update called
[UPDATE] Track update called
[UPDATE] Track update called
[UPDATE] Track update called
[UPDATE] Track update called
[UPDATE] Track update called
[UPDATE] Track update called
[UPDATE] Track update called
[UPDATE] Phyzzl#2702 - 1 Games Added
[UPDATE] Track update called
[UPDATE] Track update called
[UPDATE] Track update called
[UPDATE] Track update called
[UPDATE] Track update called
[UPDATE] Track update called
[UPDATE] Track update called
[UPDATE] Track update called
[UPDATE] Track update called
[UPDATE] Track update called
[UPDATE] Track update called
[UPDATE] Track update called
[UPDATE] Track update called
[UPDATE] Track update called
[UPDATE] Track update called
[ERROR] Unable to call ninicoco1#NA1 at this time
[UPDATE] Track update called
[UPDATE] Track update called
[UPDATE] Track update called
[UPDATE] Track update called
==============================================
Running on localhost:3000
Running track loop every 15 minutes
==============================================
[UPDATE] Track update called
[UPDATE] Raison163#NA1 - 2 Games Added
[UPDATE] Phyzzl#2702 - 4 Games Added
[UPDATE] Basil#007 - 1 Games Added
[UPDATE] Da Real Baman#buce - 4 Games Added
[UPDATE] haruhiism#crstn - 2 Games Added
[UPDATE] nzvbe#NA1 - 2 Games Added
[UPDATE] Track update called
[UPDATE] Track update called
[UPDATE] Track update called
[UPDATE] Track update called
[UPDATE] Track update called
[UPDATE] Track update called
[UPDATE] Track update called
[UPDATE] Track update called
[UPDATE] Track update called
[UPDATE] Track update called
[UPDATE] Track update called
[UPDATE] Track update called
[UPDATE] Track update called
[UPDATE] Track update called
[UPDATE] Track update called
[UPDATE] Track update called
[UPDATE] Track update called
[UPDATE] Track update called
[UPDATE] Track update called
[UPDATE] Raison163#NA1 - 1 Games Added
[UPDATE] ninicoco1#NA1 - 1 Games Added
[UPDATE] Track update called
[UPDATE] Track update called
[UPDATE] Track update called
[UPDATE] ninicoco1#NA1 - 1 Games Added
[UPDATE] Track update called
[UPDATE] Track update called
[UPDATE] Track update called
[UPDATE] Track update called
[UPDATE] Raison163#NA1 - 1 Games Added
[UPDATE] ninicoco1#NA1 - 1 Games Added
[UPDATE] Track update called
[UPDATE] Track update called
[UPDATE] Track update called
[ERROR] Unable to call rin#jane at this time
[UPDATE] Track update called
[UPDATE] Track update called
[UPDATE] Raison163#NA1 - 1 Games Added
[UPDATE] Basil#007 - 1 Games Added
[UPDATE] Track update called
[UPDATE] Track update called
[UPDATE] Raison163#NA1 - 1 Games Added
[UPDATE] ninicoco1#NA1 - 1 Games Added
[UPDATE] Basil#007 - 1 Games Added
[UPDATE] Track update called
[UPDATE] Track update called
[UPDATE] Track update called
[UPDATE] ninicoco1#NA1 - 1 Games Added
[UPDATE] Track update called
[UPDATE] Track update called
[UPDATE] Track update called
[UPDATE] ninicoco1#NA1 - 1 Games Added
[UPDATE] Track update called
[UPDATE] rin#jane - 1 Games Added
[UPDATE] Track update called
[UPDATE] ninicoco1#NA1 - 1 Games Added
[UPDATE] Track update called
[UPDATE] Track update called
[UPDATE] rin#jane - 1 Games Added
[UPDATE] Track update called
[UPDATE] Track update called
[UPDATE] pickle#169 - 1 Games Added
[UPDATE] Track update called
[UPDATE] Track update called
[UPDATE] Track update called
[UPDATE] pickle#169 - 1 Games Added
[UPDATE] Track update called
[UPDATE] Track update called
[UPDATE] Track update called
[UPDATE] Track update called
[UPDATE] Track update called
[UPDATE] Phyzzl#2702 - 1 Games Added
[UPDATE] Track update called
[UPDATE] Track update called
[UPDATE] Track update called
[UPDATE] Phyzzl#2702 - 1 Games Added
[UPDATE] Track update called
[UPDATE] Track update called
[UPDATE] Phyzzl#2702 - 1 Games Added
[UPDATE] Track update called
[UPDATE] Track update called
[UPDATE] Track update called
[UPDATE] Track update called
[UPDATE] Track update called
[UPDATE] Track update called
[UPDATE] Track update called
[UPDATE] Track update called
[UPDATE] Track update called
[UPDATE] Track update called
[UPDATE] Track update called
[UPDATE] Track update called
[UPDATE] Track update called
[UPDATE] Track update called
[UPDATE] Track update called
[UPDATE] Track update called
[UPDATE] Track update called
[UPDATE] Track update called
[UPDATE] Track update called
[UPDATE] Track update called
[UPDATE] Track update called
[UPDATE] Track update called
[UPDATE] Track update called
[UPDATE] Track update called
[UPDATE] Track update called
[UPDATE] Track update called
[UPDATE] Track update called
[UPDATE] ninicoco1#NA1 - 1 Games Added
[UPDATE] Basil#007 - 1 Games Added
[UPDATE] Track update called
[UPDATE] Track update called
[UPDATE] ninicoco1#NA1 - 1 Games Added
[UPDATE] Basil#007 - 1 Games Added
[UPDATE] Track update called
[UPDATE] Track update called
[UPDATE] Track update called
[UPDATE] Track update called
[UPDATE] ninicoco1#NA1 - 1 Games Added
[UPDATE] Basil#007 - 1 Games Added
[UPDATE] Track update called
[UPDATE] Track update called
[UPDATE] Track update called
[UPDATE] Track update called
[UPDATE] Track update called
[UPDATE] Track update called
[UPDATE] Track update called
[UPDATE] Track update called
[UPDATE] Track update called
[UPDATE] Track update called
[UPDATE] Track update called
[UPDATE] Track update called
[UPDATE] Track update called
[UPDATE] Track update called
[UPDATE] Track update called
[UPDATE] Track update called
[UPDATE] Track update called
[UPDATE] finx80#6969 - 1 Games Added
[UPDATE] Track update called
[UPDATE] ninicoco1#NA1 - 1 Games Added
[UPDATE] Basil#007 - 1 Games Added
[UPDATE] Track update called
[UPDATE] ninicoco1#NA1 - 1 Games Added
[UPDATE] Basil#007 - 1 Games Added
[UPDATE] Track update called
[UPDATE] Track update called
[UPDATE] Track update called
[UPDATE] Track update called
[UPDATE] ninicoco1#NA1 - 1 Games Added
[UPDATE] Basil#007 - 1 Games Added
[UPDATE] Track update called
[UPDATE] Track update called
[UPDATE] ninicoco1#NA1 - 1 Games Added
[UPDATE] Track update called
[UPDATE] Track update called
[UPDATE] ninicoco1#NA1 - 1 Games Added
[UPDATE] Track update called
[UPDATE] Track update called
[UPDATE] Track update called
[UPDATE] Track update called
[UPDATE] Track update called
[UPDATE] Track update called
[UPDATE] Track update called
[UPDATE] Track update called
[UPDATE] Track update called
[UPDATE] Track update called
[UPDATE] Track update called
[UPDATE] Track update called
[UPDATE] Track update called
[UPDATE] Track update called
[UPDATE] S is for Salt#TF77 - 1 Games Added
[UPDATE] Track update called
[UPDATE] Track update called
[UPDATE] Track update called
[UPDATE] Track update called
[UPDATE] Track update called
[UPDATE] Track update called
[UPDATE] Track update called
[UPDATE] Track update called
[UPDATE] Track update called
[UPDATE] Track update called
[UPDATE] Track update called
[UPDATE] Track update called
[UPDATE] rin#jane - 1 Games Added
[UPDATE] Track update called
[UPDATE] Track update called
[UPDATE] rin#jane - 1 Games Added
[UPDATE] Track update called
[UPDATE] Track update called
[UPDATE] Track update called
[UPDATE] haruhiism#crstn - 1 Games Added
[UPDATE] Track update called
[UPDATE] Track update called
[UPDATE] Track update called
[UPDATE] Track update called
[UPDATE] Track update called
[UPDATE] Track update called
[UPDATE] Track update called
[UPDATE] Track update called
[UPDATE] Track update called
[UPDATE] Track update called
[UPDATE] Track update called
[UPDATE] Track update called
[UPDATE] Track update called
[UPDATE] Track update called
[UPDATE] Track update called
[UPDATE] Track update called
[UPDATE] Track update called
[UPDATE] Track update called
[UPDATE] Track update called
[UPDATE] Track update called
[UPDATE] Track update called
[UPDATE] Track update called
[UPDATE] Track update called
[UPDATE] Track update called
[UPDATE] Track update called
[UPDATE] Track update called
[UPDATE] Track update called
[UPDATE] Track update called
[UPDATE] Track update called
[UPDATE] Track update called
[UPDATE] Track update called
[UPDATE] Track update called
[UPDATE] Track update called
[UPDATE] Track update called
[UPDATE] Track update called
[UPDATE] Track update called
[UPDATE] Track update called
[UPDATE] Track update called
[UPDATE] ninicoco1#NA1 - 1 Games Added
[UPDATE] Track update called
[UPDATE] Track update called
[UPDATE] Track update called
[UPDATE] ninicoco1#NA1 - 1 Games Added
[UPDATE] Track update called
[UPDATE] Track update called
[UPDATE] Track update called
[UPDATE] S is for Salt#TF77 - 1 Games Added
[UPDATE] ninicoco1#NA1 - 1 Games Added
[UPDATE] Track update called
[UPDATE] Track update called
[UPDATE] Track update called
[UPDATE] ninicoco1#NA1 - 1 Games Added
[UPDATE] Track update called
[UPDATE] Track update called
[UPDATE] Track update called
[UPDATE] Track update called
[UPDATE] Track update called
[UPDATE] Track update called
[UPDATE] Track update called
[UPDATE] Track update called
[UPDATE] Track update called
[UPDATE] Track update called
[UPDATE] Track update called
[UPDATE] ninicoco1#NA1 - 1 Games Added
[UPDATE] finx80#6969 - 1 Games Added
[UPDATE] Track update called
[UPDATE] Track update called
[UPDATE] Track update called
[UPDATE] Track update called
[UPDATE] Track update called
[UPDATE] Track update called
[UPDATE] Track update called
[UPDATE] Track update called
[UPDATE] Track update called
[UPDATE] Track update called
[UPDATE] Track update called
[UPDATE] Track update called
[UPDATE] Track update called
[UPDATE] Track update called
[UPDATE] Track update called
[UPDATE] S is for Salt#TF77 - 1 Games Added
[UPDATE] Phyzzl#2702 - 1 Games Added
[UPDATE] pickle#169 - 1 Games Added
[UPDATE] Track update called
[UPDATE] Track update called
[UPDATE] Track update called
[UPDATE] Track update called
[UPDATE] Track update called
[UPDATE] Track update called
[UPDATE] Track update called
[UPDATE] Track update called
[UPDATE] haruhiism#crstn - 1 Games Added
[UPDATE] Track update called
[UPDATE] Track update called
[UPDATE] Track update called
[UPDATE] Track update called
[UPDATE] Track update called
[UPDATE] Track update called
[UPDATE] Track update called
[UPDATE] Track update called
[UPDATE] rin#jane - 1 Games Added
[UPDATE] Track update called
[UPDATE] Track update called
[UPDATE] Track update called
[UPDATE] Track update called
[UPDATE] rin#jane - 1 Games Added
[UPDATE] Track update called
[UPDATE] Track update called
[UPDATE] Track update called
[UPDATE] rin#jane - 1 Games Added
[UPDATE] Track update called
[UPDATE] Track update called
[UPDATE] Track update called
[UPDATE] Track update called
[UPDATE] Track update called
[UPDATE] Track update called
[UPDATE] Track update called
[UPDATE] Track update called
[UPDATE] Track update called
[UPDATE] Track update called
[UPDATE] Track update called
[UPDATE] Track update called
[UPDATE] Track update called
[UPDATE] Track update called
[UPDATE] Track update called
[UPDATE] Track update called
[UPDATE] Track update called
[UPDATE] Track update called
[UPDATE] Track update called
[UPDATE] Track update called
[UPDATE] Track update called
[UPDATE] S is for Salt#TF77 - 1 Games Added
[UPDATE] finx80#6969 - 1 Games Added
[UPDATE] Track update called
[UPDATE] Track update called
[UPDATE] Track update called
[UPDATE] S is for Salt#TF77 - 1 Games Added
[UPDATE] finx80#6969 - 1 Games Added
[UPDATE] Track update called
[UPDATE] Track update called
[UPDATE] Track update called
[UPDATE] Track update called
[UPDATE] Track update called
[UPDATE] Track update called
[UPDATE] Track update called
[ERROR] Unable to call Tigerfire77#SifS at this time
[ERROR] Unable to call S is for Salt#TF77 at this time
[ERROR] Unable to call rin#jane at this time
[ERROR] Unable to call Raison163#NA1 at this time
[ERROR] Unable to call Phyzzl#2702 at this time
[ERROR] Unable to call ninicoco1#NA1 at this time
[ERROR] Unable to call finx80#6969 at this time
[ERROR] Unable to call Basil#007 at this time
[ERROR] Unable to call nzvbe#NA1 at this time
[ERROR] Unable to call Ouress#NA2 at this time
[ERROR] Unable to call Da Real Baman#buce at this time
[ERROR] Unable to call pickle#169 at this time
[ERROR] Unable to call haruhiism#crstn at this time
[ERROR] Unable to call M is for Mid#Smex at this time
[UPDATE] Track update called
[ERROR] Unable to call Tigerfire77#SifS at this time
[ERROR] Unable to call S is for Salt#TF77 at this time
[ERROR] Unable to call rin#jane at this time
[ERROR] Unable to call Raison163#NA1 at this time
[ERROR] Unable to call Phyzzl#2702 at this time
[ERROR] Unable to call ninicoco1#NA1 at this time
[ERROR] Unable to call finx80#6969 at this time
[ERROR] Unable to call Basil#007 at this time
[ERROR] Unable to call Ouress#NA2 at this time
[ERROR] Unable to call Da Real Baman#buce at this time
[ERROR] Unable to call pickle#169 at this time
[ERROR] Unable to call haruhiism#crstn at this time
[ERROR] Unable to call M is for Mid#Smex at this time
[ERROR] Unable to call nzvbe#NA1 at this time
[UPDATE] Track update called
[ERROR] Unable to call Tigerfire77#SifS at this time
[ERROR] Unable to call S is for Salt#TF77 at this time
[ERROR] Unable to call rin#jane at this time
[ERROR] Unable to call Raison163#NA1 at this time
[ERROR] Unable to call Phyzzl#2702 at this time
[ERROR] Unable to call ninicoco1#NA1 at this time
[ERROR] Unable to call finx80#6969 at this time
[ERROR] Unable to call Basil#007 at this time
[ERROR] Unable to call Ouress#NA2 at this time
[ERROR] Unable to call Da Real Baman#buce at this time
[ERROR] Unable to call pickle#169 at this time
[ERROR] Unable to call haruhiism#crstn at this time
[ERROR] Unable to call M is for Mid#Smex at this time
[ERROR] Unable to call nzvbe#NA1 at this time
[UPDATE] Track update called
[ERROR] Unable to call haruhiism#crstn at this time
[UPDATE] Track update called
[UPDATE] Track update called
[UPDATE] Track update called
[UPDATE] Track update called
[UPDATE] Track update called
[UPDATE] Track update called
[UPDATE] Track update called
[UPDATE] Track update called
[UPDATE] Track update called
[UPDATE] Track update called
[UPDATE] Track update called
[UPDATE] Track update called
[UPDATE] Track update called
[UPDATE] Track update called
[UPDATE] Track update called
[UPDATE] Track update called
[UPDATE] Track update called
[UPDATE] Track update called
[UPDATE] Track update called
[UPDATE] Track update called
[UPDATE] Track update called
[UPDATE] Track update called
[UPDATE] Track update called
[ERROR] Unable to call Tigerfire77#SifS at this time
[ERROR] Unable to call S is for Salt#TF77 at this time
[ERROR] Unable to call rin#jane at this time
[ERROR] Unable to call Raison163#NA1 at this time
[ERROR] Unable to call nzvbe#NA1 at this time
[ERROR] Unable to call Ouress#NA2 at this time
[ERROR] Unable to call Da Real Baman#buce at this time
[ERROR] Unable to call Phyzzl#2702 at this time
[ERROR] Unable to call M is for Mid#Smex at this time
[ERROR] Unable to call Basil#007 at this time
[ERROR] Unable to call ninicoco1#NA1 at this time
[ERROR] Unable to call finx80#6969 at this time
[UPDATE] Track update called
[UPDATE] Track update called
[UPDATE] Track update called
[UPDATE] ninicoco1#NA1 - 1 Games Added
[UPDATE] Track update called
[UPDATE] Track update called
[UPDATE] Track update called
[UPDATE] ninicoco1#NA1 - 1 Games Added
[UPDATE] Track update called
[UPDATE] Track update called
[UPDATE] Track update called
[UPDATE] Track update called
[UPDATE] ninicoco1#NA1 - 1 Games Added
[UPDATE] Da Real Baman#buce - 1 Games Added
[UPDATE] Track update called
[UPDATE] Track update called
[UPDATE] Track update called
[UPDATE] ninicoco1#NA1 - 1 Games Added
[UPDATE] Da Real Baman#buce - 1 Games Added
[UPDATE] Track update called
[UPDATE] Track update called
[UPDATE] Track update called
[UPDATE] Track update called
[UPDATE] Track update called
[UPDATE] Track update called
[UPDATE] Raison163#NA1 - 1 Games Added
[UPDATE] Track update called
[UPDATE] Track update called
[UPDATE] Track update called
[UPDATE] Track update called
[UPDATE] Track update called
[UPDATE] Track update called
[UPDATE] Track update called
[UPDATE] ninicoco1#NA1 - 1 Games Added
[UPDATE] Track update called
[UPDATE] Track update called
[UPDATE] Track update called
[UPDATE] Track update called
[UPDATE] ninicoco1#NA1 - 1 Games Added
[UPDATE] Track update called
[UPDATE] Track update called
[UPDATE] Track update called
[UPDATE] Track update called
[UPDATE] Track update called
[UPDATE] Track update called
[UPDATE] Track update called
[UPDATE] Track update called
[UPDATE] Track update called
[UPDATE] Track update called
[UPDATE] Track update called
[UPDATE] Track update called
[UPDATE] Track update called
[UPDATE] Track update called
[UPDATE] Track update called
[UPDATE] Track update called
[UPDATE] Track update called
[UPDATE] Track update called
[UPDATE] Track update called
[UPDATE] Track update called
[UPDATE] Track update called
[UPDATE] Track update called
[UPDATE] Track update called
[UPDATE] Track update called
[UPDATE] Track update called
[UPDATE] Track update called
==============================================
Running on localhost:3000
Running track loop every 15 minutes
==============================================
[UPDATE] Track update called
[UPDATE] S is for Salt#TF77 - 1 Games Added
[UPDATE] rin#jane - 2 Games Added
[UPDATE] Raison163#NA1 - 5 Games Added
[UPDATE] ninicoco1#NA1 - 5 Games Added
[UPDATE] Track update called
[UPDATE] Track update called
[UPDATE] Track update called
[UPDATE] Track update called
[UPDATE] Track update called
[USER] Requested [na] s is for salt#tf77
[USER] Requested [na] ouress#na2
[USER] Requested [na] ouress#na2
[USER] Requested [na] ouress#na2
[UPDATE] Track update called
[UPDATE] Track update called
[UPDATE] Track update called
[UPDATE] Track update called
[UPDATE] Track update called
[UPDATE] Track update called
[UPDATE] Track update called
[UPDATE] Track update called
[UPDATE] Track update called
[UPDATE] Track update called
[UPDATE] Track update called
[UPDATE] Track update called
[UPDATE] Track update called
[UPDATE] Track update called
[UPDATE] Track update called
[UPDATE] Track update called
[UPDATE] Track update called
[UPDATE] Track update called
[UPDATE] Track update called
[UPDATE] Track update called
[UPDATE] Track update called
[UPDATE] Track update called
[UPDATE] Track update called
[UPDATE] Track update called
[UPDATE] Track update called
[UPDATE] Track update called
[UPDATE] Track update called
[UPDATE] Track update called
[UPDATE] Track update called
[UPDATE] Track update called
[UPDATE] Track update called
[UPDATE] Track update called
[UPDATE] Track update called
[UPDATE] Track update called
[UPDATE] Track update called
[UPDATE] Track update called
[UPDATE] Track update called
[UPDATE] Track update called
[UPDATE] Track update called
[UPDATE] Track update called
[UPDATE] Track update called
[UPDATE] Track update called
[UPDATE] Track update called
[UPDATE] Track update called
[UPDATE] Track update called
[UPDATE] Track update called
[UPDATE] Track update called
[UPDATE] Track update called
[UPDATE] Track update called
[UPDATE] ninicoco1#NA1 - 1 Games Added
[UPDATE] Track update called
[UPDATE] Track update called
[UPDATE] Da Real Baman#buce - 1 Games Added
[UPDATE] Track update called
[UPDATE] Track update called
[UPDATE] Track update called
[UPDATE] Da Real Baman#buce - 1 Games Added
[UPDATE] Track update called
[UPDATE] Track update called
[UPDATE] Da Real Baman#buce - 1 Games Added
[UPDATE] Track update called
[UPDATE] Track update called
[UPDATE] Track update called
[UPDATE] Track update called
[UPDATE] Track update called
[UPDATE] Track update called
[UPDATE] ninicoco1#NA1 - 1 Games Added
[UPDATE] Track update called
[UPDATE] Track update called
[UPDATE] Track update called
[UPDATE] Track update called
[UPDATE] Track update called
[UPDATE] Track update called
[UPDATE] Track update called
[UPDATE] Track update called
[UPDATE] Track update called
[UPDATE] Track update called
[UPDATE] Raison163#NA1 - 1 Games Added
[UPDATE] ninicoco1#NA1 - 1 Games Added
[UPDATE] Track update called
[UPDATE] nzvbe#NA1 - 1 Games Added
[UPDATE] Track update called
[UPDATE] Track update called
[UPDATE] Track update called
[UPDATE] ninicoco1#NA1 - 1 Games Added
[UPDATE] Track update called
[UPDATE] Track update called
[ERROR] Unable to call rin#jane at this time
[UPDATE] Track update called
[UPDATE] Track update called
[UPDATE] Track update called
[UPDATE] Track update called
[UPDATE] rin#jane - 1 Games Added
[UPDATE] ninicoco1#NA1 - 1 Games Added
[UPDATE] Track update called
[UPDATE] Track update called
[UPDATE] Track update called
[UPDATE] rin#jane - 1 Games Added
[UPDATE] Track update called
[UPDATE] Track update called
[UPDATE] Track update called
[UPDATE] Track update called
[UPDATE] Track update called
[UPDATE] Track update called
[UPDATE] nzvbe#NA1 - 1 Games Added
[UPDATE] Track update called
[UPDATE] Track update called
[UPDATE] nzvbe#NA1 - 1 Games Added
[UPDATE] Track update called
[UPDATE] Track update called
[UPDATE] Track update called
[UPDATE] Track update called
[UPDATE] Track update called
[UPDATE] Track update called
[UPDATE] Track update called
[UPDATE] Track update called
[UPDATE] Track update called
[UPDATE] Track update called
[UPDATE] Track update called
[UPDATE] Track update called
[UPDATE] Track update called
[UPDATE] Track update called
[UPDATE] Track update called
[UPDATE] Track update called
[UPDATE] Track update called
[UPDATE] Track update called
[UPDATE] Track update called
[UPDATE] Track update called
[UPDATE] Track update called
[UPDATE] Track update called
[UPDATE] Track update called
[UPDATE] S is for Salt#TF77 - 1 Games Added
[UPDATE] Track update called
[UPDATE] Track update called
[UPDATE] Track update called
[UPDATE] Track update called
[UPDATE] Track update called
[UPDATE] Track update called
[UPDATE] Track update called
[UPDATE] Track update called
[UPDATE] Track update called
[UPDATE] Track update called
[UPDATE] Track update called
[UPDATE] Track update called
[UPDATE] Track update called
[UPDATE] Track update called
[UPDATE] Track update called
[UPDATE] Track update called
[UPDATE] Track update called
[UPDATE] Track update called
[UPDATE] Track update called
[UPDATE] Track update called
[UPDATE] Track update called
[UPDATE] Track update called
[UPDATE] Da Real Baman#buce - 1 Games Added
[UPDATE] Track update called
[UPDATE] Track update called
[UPDATE] Track update called
[UPDATE] ninicoco1#NA1 - 1 Games Added
[UPDATE] Da Real Baman#buce - 1 Games Added
[UPDATE] Track update called
[UPDATE] Track update called
[UPDATE] ninicoco1#NA1 - 1 Games Added
[UPDATE] Track update called
[UPDATE] Track update called
[UPDATE] Track update called
[UPDATE] Track update called
[UPDATE] Track update called
[UPDATE] Track update called
[UPDATE] Track update called
[UPDATE] Track update called
[UPDATE] Track update called
[UPDATE] S is for Salt#TF77 - 1 Games Added
[UPDATE] Track update called
[UPDATE] Track update called
[UPDATE] S is for Salt#TF77 - 1 Games Added
[UPDATE] Track update called
[UPDATE] Track update called
[UPDATE] Track update called
[UPDATE] S is for Salt#TF77 - 1 Games Added
[UPDATE] Track update called
[UPDATE] Track update called
[UPDATE] Track update called
[UPDATE] Track update called
[UPDATE] Track update called
[UPDATE] Track update called
[UPDATE] Track update called
[UPDATE] S is for Salt#TF77 - 1 Games Added
[UPDATE] nzvbe#NA1 - 1 Games Added
[UPDATE] Track update called
[UPDATE] Track update called
[UPDATE] Track update called
[UPDATE] Track update called
[UPDATE] Track update called
[UPDATE] Track update called
[UPDATE] Track update called
[UPDATE] Track update called
[UPDATE] Track update called
[UPDATE] Track update called
[UPDATE] Track update called
[UPDATE] Track update called
[UPDATE] Track update called
[UPDATE] ninicoco1#NA1 - 1 Games Added
[UPDATE] Track update called
[UPDATE] Track update called
[UPDATE] Track update called
[UPDATE] ninicoco1#NA1 - 1 Games Added
[UPDATE] Track update called
[UPDATE] Track update called
[UPDATE] Track update called
[UPDATE] Track update called
[UPDATE] Track update called
[UPDATE] Track update called
[UPDATE] Track update called
[UPDATE] nzvbe#NA1 - 1 Games Added
[UPDATE] Track update called
[UPDATE] Track update called
[UPDATE] Track update called
[UPDATE] Track update called
[UPDATE] Track update called
[UPDATE] Track update called
[UPDATE] Track update called
[UPDATE] Track update called
[UPDATE] Track update called
[UPDATE] Track update called
[UPDATE] Track update called
[UPDATE] Track update called
[UPDATE] Track update called
[UPDATE] Track update called
[UPDATE] Track update called
[UPDATE] Track update called
[UPDATE] Track update called
[UPDATE] Track update called
[UPDATE] Track update called
[UPDATE] Track update called
[UPDATE] Track update called
[UPDATE] Track update called
[UPDATE] Track update called
[UPDATE] Track update called
[UPDATE] Track update called
[UPDATE] Track update called
[UPDATE] Track update called
[UPDATE] Track update called
[UPDATE] Track update called
[UPDATE] Track update called
[UPDATE] Track update called
[UPDATE] Track update called
[UPDATE] Track update called
[UPDATE] Track update called
[UPDATE] Track update called
[UPDATE] Track update called
[UPDATE] Track update called
[UPDATE] Track update called
[UPDATE] Track update called
[UPDATE] Track update called
[UPDATE] Track update called
[UPDATE] Track update called
[UPDATE] Track update called
[UPDATE] Track update called
[UPDATE] Track update called
[UPDATE] Track update called
[UPDATE] Track update called
[ERROR] Unable to call Raison163#NA1 at this time
[UPDATE] Track update called
[UPDATE] Track update called
[UPDATE] Da Real Baman#buce - 1 Games Added
[UPDATE] Track update called
[UPDATE] Track update called
[ERROR] Unable to call haruhiism#crstn at this time
[UPDATE] Track update called
[UPDATE] Da Real Baman#buce - 1 Games Added
[UPDATE] Track update called
[ERROR] Unable to call rin#jane at this time
[UPDATE] Track update called
[ERROR] Unable to call rin#jane at this time
[ERROR] Unable to call haruhiism#crstn at this time
[UPDATE] Track update called
[UPDATE] Da Real Baman#buce - 1 Games Added
[UPDATE] Track update called
[ERROR] Unable to call pickle#169 at this time
[UPDATE] Track update called
[ERROR] Unable to call Ouress#NA2 at this time
[UPDATE] Track update called
[ERROR] Unable to call Phyzzl#2702 at this time
[UPDATE] Track update called
[ERROR] Unable to call rin#jane at this time
[ERROR] Unable to call Basil#007 at this time
[UPDATE] Track update called
[UPDATE] Track update called
[UPDATE] Track update called
[UPDATE] Track update called
[UPDATE] Track update called
[UPDATE] Track update called
[UPDATE] Track update called
[UPDATE] Track update called
[UPDATE] Track update called
[UPDATE] Track update called
[UPDATE] Track update called
[UPDATE] Track update called
[UPDATE] Track update called
[UPDATE] Track update called
[UPDATE] Track update called
[UPDATE] Track update called
==============================================
Running on localhost:3000
Running track loop every 15 minutes
==============================================
[UPDATE] Track update called
[UPDATE] Track update called
[UPDATE] Track update called
[UPDATE] Track update called
[UPDATE] Track update called
[UPDATE] Track update called
[UPDATE] ninicoco1#NA1 - 1 Games Added
[UPDATE] Track update called
[UPDATE] Track update called
[UPDATE] Track update called
[UPDATE] Track update called
[UPDATE] Track update called
[UPDATE] Track update called
[UPDATE] Track update called
[UPDATE] Track update called
[UPDATE] Track update called
[UPDATE] Track update called
[UPDATE] Track update called
[UPDATE] Track update called
[UPDATE] ./user_data/Mamba0-NA1.csv created
[UPDATE] Mamba0#NA1 - 14 Games Added
[UPDATE] Track update called
[UPDATE] Track update called
[UPDATE] Track update called
[UPDATE] Track update called
[UPDATE] ninicoco1#NA1 - 1 Games Added
[UPDATE] Mamba0#NA1 - 1 Games Added
[UPDATE] Track update called
[UPDATE] Track update called
[UPDATE] Track update called
[UPDATE] Track update called
[UPDATE] Track update called
[UPDATE] Track update called
[UPDATE] Track update called
[UPDATE] Track update called
[UPDATE] Track update called
[UPDATE] rin#jane - 1 Games Added
[UPDATE] Track update called
[UPDATE] Track update called
[UPDATE] Track update called
